[LOG] System::create                           : Header version = 1.10.10. Current version = 1.10.10.
[LOG] Manager::init                            : maxchannels = 256 studioflags = 00000006 flags 00000000 extradriverdata 0x0.
[LOG] SystemI::init                            : Initialize version=11010 (98815), maxchannels=256, flags=0x00020000
[LOG] SystemI::setOutputInternal               : Setting output to 'FMOD Core Audio Output'
[LOG] OutputCoreAudio::enumerate               : Enumerating...
[LOG] OutputCoreAudio::enumerate               : Found output driver: "Built-in Output".
[LOG] OutputCoreAudio::enumerate               : Found output driver: "Sonarworks Systemwide".
[LOG] OutputCoreAudio::enumerate               : Found output driver: "Pro Tools Aggregate I/O".
[LOG] OutputCoreAudio::enumerate               : Done.
[LOG] OutputCoreAudio::init                    : Output running 2 channels at 48000Hz sample rate.
[LOG] OutputCoreAudio::init                    : Maximum hardware read size: 1024 samples, Software buffer size: 512 samples, Number of software buffers: 4.
[LOG] Thread::initThread                       : Init FMOD stream thread. Priority: 2, Stack Size: 65536, Semaphore: No, Sleep Time: 10, Looping: Yes.
[LOG] Thread::initThread                       : Init FMOD mixer thread. Priority: 3, Stack Size: 49152, Semaphore: Yes, Sleep Time: 0, Looping: Yes.
[LOG] AsyncManager::init                       : manager 0x12f3f2a08 isAsync 0 updatePeriod 0.02
[LOG] AsyncManager::init                       : done
[LOG] PlaybackSystem::init                     : 
[LOG] Thread::initThread                       : Init FMOD Studio sample load thread. Priority: 0, Stack Size: 65536, Semaphore: No, Sleep Time: 1, Looping: No.
[LOG] PlaybackSystem::init                     : done
[LOG] Thread::initThread                       : Init FMOD Studio bank load thread. Priority: 0, Stack Size: 65536, Semaphore: No, Sleep Time: 1, Looping: No.
[LOG] Manager::init                            : done.
[LOG] Manager::readBank                        : fileversion = 103, compatVersion = 99 (oldest = 44, newest = 103)
[LOG] SystemI::createSoundInternal             : Create name='', mode=0x02000202
[LOG] SystemI::createSoundInternal             : exinfo->cbsize             = 232
[LOG] SystemI::createSoundInternal             : exinfo->length             = 29696
[LOG] SystemI::createSoundInternal             : exinfo->fileoffset         = 36000
[LOG] SystemI::createSoundInternal             : exinfo->numsubsounds       = 1
[LOG] SystemI::createSoundInternal             : exinfo->inclusionlist      = 0x70000658f7bc
[LOG] SystemI::createSoundInternal             : exinfo->inclusionlistnum   = 1
[LOG] SystemI::createSoundInternal             : exinfo->suggestedsoundtype = 5
[LOG] SystemI::createSoundInternal             : exinfo->useropen           = 0x1578a3885
[LOG] SystemI::createSoundInternal             : exinfo->userclose          = 0x1578a3941
[LOG] SystemI::createSoundInternal             : exinfo->userread           = 0x1578a3971
[LOG] SystemI::createSoundInternal             : exinfo->userseek           = 0x1578a3a0e
[LOG] SystemI::createSoundInternal             : exinfo->fileuserdata       = 0x156b5a4b8
[LOG] SystemI::createSoundInternal             : exinfo->initialseekpostype = 1
[LOG] SystemI::DSPCodecPoolRegister            : register codec pool for pool type 5
[LOG] SystemI::createSoundInternal             : Sample 0/1: name='Gen_LightSwing_2', format=2, channels=1, frequency=48000, lengthbytes=672, lengthpcm=3245, pcmblocksize=0, loopstart=0, loopend=0, mode=0x00000000, channelmask=0x00000000, channelorder=0, peakvolume=0.251182.
[LOG] SystemI::createSoundInternal             : Create name='', mode=0x02000202
[LOG] SystemI::createSoundInternal             : exinfo->cbsize             = 232
[LOG] SystemI::createSoundInternal             : exinfo->length             = 29696
[LOG] SystemI::createSoundInternal             : exinfo->fileoffset         = 36000
[LOG] SystemI::createSoundInternal             : exinfo->numsubsounds       = 1
[LOG] SystemI::createSoundInternal             : exinfo->inclusionlist      = 0x70000658f7bc
[LOG] SystemI::createSoundInternal             : exinfo->inclusionlistnum   = 1
[LOG] SystemI::createSoundInternal             : exinfo->suggestedsoundtype = 5
[LOG] SystemI::createSoundInternal             : exinfo->useropen           = 0x1578a3885
[LOG] SystemI::createSoundInternal             : exinfo->userclose          = 0x1578a3941
[LOG] SystemI::createSoundInternal             : exinfo->userread           = 0x1578a3971
[LOG] SystemI::createSoundInternal             : exinfo->userseek           = 0x1578a3a0e
[LOG] SystemI::createSoundInternal             : exinfo->fileuserdata       = 0x156b5a4b8
[LOG] SystemI::createSoundInternal             : exinfo->initialseekpostype = 1
[LOG] SystemI::DSPCodecPoolRegister            : register codec pool for pool type 5
[LOG] SystemI::createSoundInternal             : Sample 0/1: name='Med_LightKick_2', format=2, channels=1, frequency=48000, lengthbytes=1536, lengthpcm=8702, pcmblocksize=0, loopstart=0, loopend=0, mode=0x00000000, channelmask=0x00000000, channelorder=0, peakvolume=0.295804.
[LOG] SystemI::createSoundInternal             : Create name='', mode=0x02000202
[LOG] SystemI::createSoundInternal             : exinfo->cbsize             = 232
[LOG] SystemI::createSoundInternal             : exinfo->length             = 29696
[LOG] SystemI::createSoundInternal             : exinfo->fileoffset         = 36000
[LOG] SystemI::createSoundInternal             : exinfo->numsubsounds       = 1
[LOG] SystemI::createSoundInternal             : exinfo->inclusionlist      = 0x70000658f7bc
[LOG] SystemI::createSoundInternal             : exinfo->inclusionlistnum   = 1
[LOG] SystemI::createSoundInternal             : exinfo->suggestedsoundtype = 5
[LOG] SystemI::createSoundInternal             : exinfo->useropen           = 0x1578a3885
[LOG] SystemI::createSoundInternal             : exinfo->userclose          = 0x1578a3941
[LOG] SystemI::createSoundInternal             : exinfo->userread           = 0x1578a3971
[LOG] SystemI::createSoundInternal             : exinfo->userseek           = 0x1578a3a0e
[LOG] SystemI::createSoundInternal             : exinfo->fileuserdata       = 0x156b5a4b8
[LOG] SystemI::createSoundInternal             : exinfo->initialseekpostype = 1
[LOG] SystemI::DSPCodecPoolRegister            : register codec pool for pool type 5
[LOG] SystemI::createSoundInternal             : Sample 0/1: name='Gen_LightSwing_1', format=2, channels=1, frequency=48000, lengthbytes=608, lengthpcm=3321, pcmblocksize=0, loopstart=0, loopend=0, mode=0x00000000, channelmask=0x00000000, channelorder=0, peakvolume=0.165714.
[LOG] SystemI::createSoundInternal             : Create name='', mode=0x02000202
[LOG] SystemI::createSoundInternal             : exinfo->cbsize             = 232
[LOG] SystemI::createSoundInternal             : exinfo->length             = 29696
[LOG] SystemI::createSoundInternal             : exinfo->fileoffset         = 36000
[LOG] SystemI::createSoundInternal             : exinfo->numsubsounds       = 1
[LOG] SystemI::createSoundInternal             : exinfo->inclusionlist      = 0x70000658f7bc
[LOG] SystemI::createSoundInternal             : exinfo->inclusionlistnum   = 1
[LOG] SystemI::createSoundInternal             : exinfo->suggestedsoundtype = 5
[LOG] SystemI::createSoundInternal             : exinfo->useropen           = 0x1578a3885
[LOG] SystemI::createSoundInternal             : exinfo->userclose          = 0x1578a3941
[LOG] SystemI::createSoundInternal             : exinfo->userread           = 0x1578a3971
[LOG] SystemI::createSoundInternal             : exinfo->userseek           = 0x1578a3a0e
[LOG] SystemI::createSoundInternal             : exinfo->fileuserdata       = 0x156b5a4b8
[LOG] SystemI::createSoundInternal             : exinfo->initialseekpostype = 1
[LOG] SystemI::DSPCodecPoolRegister            : register codec pool for pool type 5
[LOG] SystemI::createSoundInternal             : Sample 0/1: name='Med_LightKick_1', format=2, channels=1, frequency=48000, lengthbytes=1440, lengthpcm=8543, pcmblocksize=0, loopstart=0, loopend=0, mode=0x00000000, channelmask=0x00000000, channelorder=0, peakvolume=0.321092.
[LOG] SystemI::createSoundInternal             : Create name='', mode=0x02000202
[LOG] SystemI::createSoundInternal             : exinfo->cbsize             = 232
[LOG] SystemI::createSoundInternal             : exinfo->length             = 29696
[LOG] SystemI::createSoundInternal             : exinfo->fileoffset         = 36000
[LOG] SystemI::createSoundInternal             : exinfo->numsubsounds       = 1
[LOG] SystemI::createSoundInternal             : exinfo->inclusionlist      = 0x70000658f7bc
[LOG] SystemI::createSoundInternal             : exinfo->inclusionlistnum   = 1
[LOG] SystemI::createSoundInternal             : exinfo->suggestedsoundtype = 5
[LOG] SystemI::createSoundInternal             : exinfo->useropen           = 0x1578a3885
[LOG] SystemI::createSoundInternal             : exinfo->userclose          = 0x1578a3941
[LOG] SystemI::createSoundInternal             : exinfo->userread           = 0x1578a3971
[LOG] SystemI::createSoundInternal             : exinfo->userseek           = 0x1578a3a0e
[LOG] SystemI::createSoundInternal             : exinfo->fileuserdata       = 0x156b5a4b8
[LOG] SystemI::createSoundInternal             : exinfo->initialseekpostype = 1
[LOG] SystemI::DSPCodecPoolRegister            : register codec pool for pool type 5
[LOG] SystemI::createSoundInternal             : Sample 0/1: name='Med_LightPunch_2', format=2, channels=1, frequency=48000, lengthbytes=2592, lengthpcm=16035, pcmblocksize=0, loopstart=0, loopend=0, mode=0x00000000, channelmask=0x00000000, channelorder=0, peakvolume=0.802855.
[LOG] SystemI::createSoundInternal             : Create name='', mode=0x02000202
[LOG] SystemI::createSoundInternal             : exinfo->cbsize             = 232
[LOG] SystemI::createSoundInternal             : exinfo->length             = 29696
[LOG] SystemI::createSoundInternal             : exinfo->fileoffset         = 36000
[LOG] SystemI::createSoundInternal             : exinfo->numsubsounds       = 1
[LOG] SystemI::createSoundInternal             : exinfo->inclusionlist      = 0x70000658f7bc
[LOG] SystemI::createSoundInternal             : exinfo->inclusionlistnum   = 1
[LOG] SystemI::createSoundInternal             : exinfo->suggestedsoundtype = 5
[LOG] SystemI::createSoundInternal             : exinfo->useropen           = 0x1578a3885
[LOG] SystemI::createSoundInternal             : exinfo->userclose          = 0x1578a3941
[LOG] SystemI::createSoundInternal             : exinfo->userread           = 0x1578a3971
[LOG] SystemI::createSoundInternal             : exinfo->userseek           = 0x1578a3a0e
[LOG] SystemI::createSoundInternal             : exinfo->fileuserdata       = 0x156b5a4b8
[LOG] SystemI::createSoundInternal             : exinfo->initialseekpostype = 1
[LOG] SystemI::DSPCodecPoolRegister            : register codec pool for pool type 5
[LOG] SystemI::createSoundInternal             : Sample 0/1: name='Med_LightPunch_1', format=2, channels=1, frequency=48000, lengthbytes=2560, lengthpcm=15593, pcmblocksize=0, loopstart=0, loopend=0, mode=0x00000000, channelmask=0x00000000, channelorder=0, peakvolume=0.850837.
[LOG] SystemI::createSoundInternal             : Create name='', mode=0x02000202
[LOG] SystemI::createSoundInternal             : exinfo->cbsize             = 232
[LOG] SystemI::createSoundInternal             : exinfo->length             = 29696
[LOG] SystemI::createSoundInternal             : exinfo->fileoffset         = 36000
[LOG] SystemI::createSoundInternal             : exinfo->numsubsounds       = 1
[LOG] SystemI::createSoundInternal             : exinfo->inclusionlist      = 0x70000658f7bc
[LOG] SystemI::createSoundInternal             : exinfo->inclusionlistnum   = 1
[LOG] SystemI::createSoundInternal             : exinfo->suggestedsoundtype = 5
[LOG] SystemI::createSoundInternal             : exinfo->useropen           = 0x1578a3885
[LOG] SystemI::createSoundInternal             : exinfo->userclose          = 0x1578a3941
[LOG] SystemI::createSoundInternal             : exinfo->userread           = 0x1578a3971
[LOG] SystemI::createSoundInternal             : exinfo->userseek           = 0x1578a3a0e
[LOG] SystemI::createSoundInternal             : exinfo->fileuserdata       = 0x143d02238
[LOG] SystemI::createSoundInternal             : exinfo->initialseekpostype = 1
[LOG] SystemI::DSPCodecPoolRegister            : register codec pool for pool type 5
[LOG] SystemI::createSoundInternal             : Sample 0/1: name='Med_HeavyPunch_2', format=2, channels=1, frequency=48000, lengthbytes=2592, lengthpcm=16035, pcmblocksize=0, loopstart=0, loopend=0, mode=0x00000000, channelmask=0x00000000, channelorder=0, peakvolume=0.600803.
[LOG] SystemI::createSoundInternal             : Create name='', mode=0x02000202
[LOG] SystemI::createSoundInternal             : exinfo->cbsize             = 232
[LOG] SystemI::createSoundInternal             : exinfo->length             = 29696
[LOG] SystemI::createSoundInternal             : exinfo->fileoffset         = 36000
[LOG] SystemI::createSoundInternal             : exinfo->numsubsounds       = 1
[LOG] SystemI::createSoundInternal             : exinfo->inclusionlist      = 0x70000658f7bc
[LOG] SystemI::createSoundInternal             : exinfo->inclusionlistnum   = 1
[LOG] SystemI::createSoundInternal             : exinfo->suggestedsoundtype = 5
[LOG] SystemI::createSoundInternal             : exinfo->useropen           = 0x1578a3885
[LOG] SystemI::createSoundInternal             : exinfo->userclose          = 0x1578a3941
[LOG] SystemI::createSoundInternal             : exinfo->userread           = 0x1578a3971
[LOG] SystemI::createSoundInternal             : exinfo->userseek           = 0x1578a3a0e
[LOG] SystemI::createSoundInternal             : exinfo->fileuserdata       = 0x143d02238
[LOG] SystemI::createSoundInternal             : exinfo->initialseekpostype = 1
[LOG] SystemI::DSPCodecPoolRegister            : register codec pool for pool type 5
[LOG] SystemI::createSoundInternal             : Sample 0/1: name='Med_HeavyPunch_1', format=2, channels=1, frequency=48000, lengthbytes=2688, lengthpcm=15593, pcmblocksize=0, loopstart=0, loopend=0, mode=0x00000000, channelmask=0x00000000, channelorder=0, peakvolume=0.522689.
[LOG] SystemI::createSoundInternal             : Create name='', mode=0x02000202
[LOG] SystemI::createSoundInternal             : exinfo->cbsize             = 232
[LOG] SystemI::createSoundInternal             : exinfo->length             = 29696
[LOG] SystemI::createSoundInternal             : exinfo->fileoffset         = 36000
[LOG] SystemI::createSoundInternal             : exinfo->numsubsounds       = 1
[LOG] SystemI::createSoundInternal             : exinfo->inclusionlist      = 0x70000658f7bc
[LOG] SystemI::createSoundInternal             : exinfo->inclusionlistnum   = 1
[LOG] SystemI::createSoundInternal             : exinfo->suggestedsoundtype = 5
[LOG] SystemI::createSoundInternal             : exinfo->useropen           = 0x1578a3885
[LOG] SystemI::createSoundInternal             : exinfo->userclose          = 0x1578a3941
[LOG] SystemI::createSoundInternal             : exinfo->userread           = 0x1578a3971
[LOG] SystemI::createSoundInternal             : exinfo->userseek           = 0x1578a3a0e
[LOG] SystemI::createSoundInternal             : exinfo->fileuserdata       = 0x143d02238
[LOG] SystemI::createSoundInternal             : exinfo->initialseekpostype = 1
[LOG] SystemI::DSPCodecPoolRegister            : register codec pool for pool type 5
[LOG] SystemI::createSoundInternal             : Sample 0/1: name='Gen_HeavySwing_2', format=2, channels=1, frequency=48000, lengthbytes=864, lengthpcm=4456, pcmblocksize=0, loopstart=0, loopend=0, mode=0x00000000, channelmask=0x00000000, channelorder=0, peakvolume=0.388428.
[LOG] SystemI::createSoundInternal             : Create name='', mode=0x02000202
[LOG] SystemI::createSoundInternal             : exinfo->cbsize             = 232
[LOG] SystemI::createSoundInternal             : exinfo->length             = 29696
[LOG] SystemI::createSoundInternal             : exinfo->fileoffset         = 36000
[LOG] SystemI::createSoundInternal             : exinfo->numsubsounds       = 1
[LOG] SystemI::createSoundInternal             : exinfo->inclusionlist      = 0x70000658f7bc
[LOG] SystemI::createSoundInternal             : exinfo->inclusionlistnum   = 1
[LOG] SystemI::createSoundInternal             : exinfo->suggestedsoundtype = 5
[LOG] SystemI::createSoundInternal             : exinfo->useropen           = 0x1578a3885
[LOG] SystemI::createSoundInternal             : exinfo->userclose          = 0x1578a3941
[LOG] SystemI::createSoundInternal             : exinfo->userread           = 0x1578a3971
[LOG] SystemI::createSoundInternal             : exinfo->userseek           = 0x1578a3a0e
[LOG] SystemI::createSoundInternal             : exinfo->fileuserdata       = 0x143d02238
[LOG] SystemI::createSoundInternal             : exinfo->initialseekpostype = 1
[LOG] SystemI::DSPCodecPoolRegister            : register codec pool for pool type 5
[LOG] SystemI::createSoundInternal             : Sample 0/1: name='Gen_HeavySwing_1', format=2, channels=1, frequency=48000, lengthbytes=768, lengthpcm=4007, pcmblocksize=0, loopstart=0, loopend=0, mode=0x00000000, channelmask=0x00000000, channelorder=0, peakvolume=0.429760.
[LOG] SystemI::createSoundInternal             : Create name='', mode=0x02000202
[LOG] SystemI::createSoundInternal             : exinfo->cbsize             = 232
[LOG] SystemI::createSoundInternal             : exinfo->length             = 29696
[LOG] SystemI::createSoundInternal             : exinfo->fileoffset         = 36000
[LOG] SystemI::createSoundInternal             : exinfo->numsubsounds       = 1
[LOG] SystemI::createSoundInternal             : exinfo->inclusionlist      = 0x70000658f7bc
[LOG] SystemI::createSoundInternal             : exinfo->inclusionlistnum   = 1
[LOG] SystemI::createSoundInternal             : exinfo->suggestedsoundtype = 5
[LOG] SystemI::createSoundInternal             : exinfo->useropen           = 0x1578a3885
[LOG] SystemI::createSoundInternal             : exinfo->userclose          = 0x1578a3941
[LOG] SystemI::createSoundInternal             : exinfo->userread           = 0x1578a3971
[LOG] SystemI::createSoundInternal             : exinfo->userseek           = 0x1578a3a0e
[LOG] SystemI::createSoundInternal             : exinfo->fileuserdata       = 0x1097582d8
[LOG] SystemI::createSoundInternal             : exinfo->initialseekpostype = 1
[LOG] SystemI::DSPCodecPoolRegister            : register codec pool for pool type 5
[LOG] SystemI::createSoundInternal             : Sample 0/1: name='Med_HeavyKick_2', format=2, channels=1, frequency=48000, lengthbytes=3488, lengthpcm=20980, pcmblocksize=0, loopstart=0, loopend=0, mode=0x00000000, channelmask=0x00000000, channelorder=0, peakvolume=0.312594.
[LOG] SystemI::createSoundInternal             : Create name='', mode=0x02000202
[LOG] SystemI::createSoundInternal             : exinfo->cbsize             = 232
[LOG] SystemI::createSoundInternal             : exinfo->length             = 29696
[LOG] SystemI::createSoundInternal             : exinfo->fileoffset         = 36000
[LOG] SystemI::createSoundInternal             : exinfo->numsubsounds       = 1
[LOG] SystemI::createSoundInternal             : exinfo->inclusionlist      = 0x70000658f7bc
[LOG] SystemI::createSoundInternal             : exinfo->inclusionlistnum   = 1
[LOG] SystemI::createSoundInternal             : exinfo->suggestedsoundtype = 5
[LOG] SystemI::createSoundInternal             : exinfo->useropen           = 0x1578a3885
[LOG] SystemI::createSoundInternal             : exinfo->userclose          = 0x1578a3941
[LOG] SystemI::createSoundInternal             : exinfo->userread           = 0x1578a3971
[LOG] SystemI::createSoundInternal             : exinfo->userseek           = 0x1578a3a0e
[LOG] SystemI::createSoundInternal             : exinfo->fileuserdata       = 0x1097582d8
[LOG] SystemI::createSoundInternal             : exinfo->initialseekpostype = 1
[LOG] SystemI::DSPCodecPoolRegister            : register codec pool for pool type 5
[LOG] SystemI::createSoundInternal             : Sample 0/1: name='Med_HeavyKick_1', format=2, channels=1, frequency=48000, lengthbytes=3552, lengthpcm=21733, pcmblocksize=0, loopstart=0, loopend=0, mode=0x00000000, channelmask=0x00000000, channelorder=0, peakvolume=0.400252.
[LOG] SystemI::createSoundInternal             : Create name='', mode=0x02000202
[LOG] SystemI::createSoundInternal             : exinfo->cbsize             = 232
[LOG] SystemI::createSoundInternal             : exinfo->length             = 29696
[LOG] SystemI::createSoundInternal             : exinfo->fileoffset         = 36000
[LOG] SystemI::createSoundInternal             : exinfo->numsubsounds       = 1
[LOG] SystemI::createSoundInternal             : exinfo->inclusionlist      = 0x70000658f7bc
[LOG] SystemI::createSoundInternal             : exinfo->inclusionlistnum   = 1
[LOG] SystemI::createSoundInternal             : exinfo->suggestedsoundtype = 5
[LOG] SystemI::createSoundInternal             : exinfo->useropen           = 0x1578a3885
[LOG] SystemI::createSoundInternal             : exinfo->userclose          = 0x1578a3941
[LOG] SystemI::createSoundInternal             : exinfo->userread           = 0x1578a3971
[LOG] SystemI::createSoundInternal             : exinfo->userseek           = 0x1578a3a0e
[LOG] SystemI::createSoundInternal             : exinfo->fileuserdata       = 0x1468d3a48
[LOG] SystemI::createSoundInternal             : exinfo->initialseekpostype = 1
[LOG] SystemI::DSPCodecPoolRegister            : register codec pool for pool type 5
[LOG] SystemI::createSoundInternal             : Sample 0/1: name='Gen_MaleJump_1', format=2, channels=1, frequency=48000, lengthbytes=1792, lengthpcm=10560, pcmblocksize=0, loopstart=0, loopend=0, mode=0x00000000, channelmask=0x00000000, channelorder=0, peakvolume=0.463577.
[LOG] SystemI::createSoundInternal             : Create name='', mode=0x02000202
[LOG] SystemI::createSoundInternal             : exinfo->cbsize             = 232
[LOG] SystemI::createSoundInternal             : exinfo->length             = 29696
[LOG] SystemI::createSoundInternal             : exinfo->fileoffset         = 36000
[LOG] SystemI::createSoundInternal             : exinfo->numsubsounds       = 1
[LOG] SystemI::createSoundInternal             : exinfo->inclusionlist      = 0x70000658f7bc
[LOG] SystemI::createSoundInternal             : exinfo->inclusionlistnum   = 1
[LOG] SystemI::createSoundInternal             : exinfo->suggestedsoundtype = 5
[LOG] SystemI::createSoundInternal             : exinfo->useropen           = 0x1578a3885
[LOG] SystemI::createSoundInternal             : exinfo->userclose          = 0x1578a3941
[LOG] SystemI::createSoundInternal             : exinfo->userread           = 0x1578a3971
[LOG] SystemI::createSoundInternal             : exinfo->userseek           = 0x1578a3a0e
[LOG] SystemI::createSoundInternal             : exinfo->fileuserdata       = 0x156b5a4b8
[LOG] SystemI::createSoundInternal             : exinfo->initialseekpostype = 1
[LOG] SystemI::DSPCodecPoolRegister            : register codec pool for pool type 5
[LOG] SystemI::createSoundInternal             : Sample 0/1: name='Gen_LightLand_1', format=2, channels=1, frequency=48000, lengthbytes=1376, lengthpcm=6590, pcmblocksize=0, loopstart=0, loopend=0, mode=0x00000000, channelmask=0x00000000, channelorder=0, peakvolume=0.184704.
[LOG] Manager::readBank                        : fileversion = 103, compatVersion = 99 (oldest = 44, newest = 103)
[LOG] Manager::readBank                        : fileversion = 103, compatVersion = 99 (oldest = 44, newest = 103)
[LOG] Manager::readBank                        : fileversion = 103, compatVersion = 99 (oldest = 44, newest = 103)
[LOG] Manager::readBank                        : fileversion = 103, compatVersion = 99 (oldest = 44, newest = 103)
[LOG] Manager::readBank                        : fileversion = 103, compatVersion = 99 (oldest = 44, newest = 103)
[LOG] PlaybackSystem::acquireMasterBus         : Setting master channel group format to 3
[LOG] SoundI::release                          :  (0x156993368)
[LOG] SoundI::release                          :     Gen_MaleJump_1 (0x1569934d8)
[LOG] SoundI::release                          :  (0x1484d15a8)
[LOG] SoundI::release                          :     Gen_LightLand_1 (0x1484d5d68)
[LOG] SoundI::release                          :  (0x1097175f8)
[LOG] SoundI::release                          :     Med_HeavyKick_1 (0x153077c58)
[LOG] SoundI::release                          :  (0x1484c49e8)
[LOG] SoundI::release                          :     Med_HeavyKick_2 (0x10972b908)
[LOG] SoundI::release                          :  (0x14d56c4c8)
[LOG] SoundI::release                          :     Gen_LightSwing_1 (0x14d56c638)
[LOG] SoundI::release                          :  (0x14d56b8a8)
[LOG] SoundI::release                          :     Gen_LightSwing_2 (0x14d56ba18)
[LOG] SoundI::release                          :  (0x14d56cbf8)
[LOG] SoundI::release                          :     Med_LightKick_1 (0x14d56cd68)
[LOG] SoundI::release                          :  (0x14d56c018)
[LOG] SoundI::release                          :     Med_LightKick_2 (0x14d56c188)
[LOG] SoundI::release                          :  (0x14d56d558)
[LOG] SoundI::release                          :     Med_LightPunch_1 (0x14d56d6c8)
[LOG] SoundI::release                          :  (0x14d56d0a8)
[LOG] SoundI::release                          :     Med_LightPunch_2 (0x14d56d218)
[LOG] SoundI::release                          :  (0x143d1f5c8)
[LOG] SoundI::release                          :     Gen_HeavySwing_1 (0x146804ff8)
[LOG] SoundI::release                          :  (0x143d0edd8)
[LOG] SoundI::release                          :     Gen_HeavySwing_2 (0x10f341b78)
[LOG] SoundI::release                          :  (0x156946c58)
[LOG] SoundI::release                          :     Med_HeavyPunch_1 (0x15694d2e8)
[LOG] SoundI::release                          :  (0x10f311c18)
[LOG] SoundI::release                          :     Med_HeavyPunch_2 (0x143d4fdb8)
[LOG] Thread::callback                         : FMOD Studio update thread finished.
[LOG] Thread::callback                         : FMOD Studio bank load thread finished.
[LOG] Profile::disconnectAll                   : Profiler disconnecting all clients
[LOG] Thread::callback                         : FMOD Studio sample load thread finished.
[LOG] LiveUpdate::release                      : 
[LOG] LiveUpdate::reset                        : Reset connection (reason Disconnected)
[LOG] Thread::callback                         : FMOD stream thread finished.
[LOG] Thread::callback                         : FMOD mixer thread finished.
[LOG] Profile::disconnectAll                   : Profiler disconnecting all clients
[LOG] SystemI::close                           : Closed.
[LOG] Thread::callback                         : FMOD Studio bank load thread finished.
[LOG] Thread::callback                         : FMOD Studio sample load thread finished.
[LOG] LiveUpdate::release                      : 
[LOG] LiveUpdate::reset                        : Reset connection (reason Disconnected)
[LOG] Thread::callback                         : FMOD stream thread finished.
[LOG] Thread::callback                         : FMOD mixer thread finished.
[LOG] SystemI::close                           : Closed.
